PATH: /courses?limit=50
DATA: {
  "courses": [
    {
      "id": "1e20c08e-b368-45a9-9caf-6e491c0aaf9b",
      "courseName": "VII - 4 uji coba 13 juni 2026",
      "teacherId": "511d7fdc-7166-4bb2-8d31-bd5c1279ae4b",
      "schoolId": "17c660d9-b9c0-4e4f-bd52-481b19e096cb",
      "schoolName": "SMP NEGERI 2 BANDA ACEH",
      "isArchived": false,
      "slug": "vii-4-uji-coba-13-juni-2026-52589aec",
      "courseCode": "4HRYG21F",
      "joinLink": "https://staging.getsmart.id/join/4HRYG21F",
      "createdAt": "2026-06-13T12:00:30.145906+07:00",
      "updatedAt": "2026-06-13T12:00:30.145906+07:00",
      "teacher": {
        "id": "511d7fdc-7166-4bb2-8d31-bd5c1279ae4b",
        "fullName": "ahmad syah ramadhan",
        "NIP": "321654987896330",
        "schoolName": "SMP NEGERI 2 BANDA ACEH"
      },
      "enrolledCount": 1,
      "diagnosticTestCount": 1,
      "subjectCount": 0
    },
    {
      "id": "67b8c4fc-09c0-427e-91f2-c85531921d1a",
      "courseName": "VII - 4 uji coba 10 juni 2026",
      "teacherId": "511d7fdc-7166-4bb2-8d31-bd5c1279ae4b",
      "schoolId": "17c660d9-b9c0-4e4f-bd52-481b19e096cb",
      "schoolName": "SMP NEGERI 2 BANDA ACEH",
      "isArchived": false,
      "slug": "vii-4-uji-coba-10-juni-2026-11899555",
      "courseCode": "ZT37IVCF",
      "joinLink": "https://staging.getsmart.id/join/ZT37IVCF",
      "createdAt": "2026-06-10T17:05:34.699585+07:00",
      "updatedAt": "2026-06-10T17:05:34.699585+07:00",
      "teacher": {
        "id": "511d7fdc-7166-4bb2-8d31-bd5c1279ae4b",
        "fullName": "ahmad syah ramadhan",
        "NIP": "321654987896330",
        "schoolName": "SMP NEGERI 2 BANDA ACEH"
      },
      "enrolledCount": 1,
      "diagnosticTestCount": 2,
      "subjectCount": 1
    },
    {
      "id": "3209aa45-3666-49d6-b739-6e8ff79a4e38",
      "courseName": "TO Anas",
      "teacherId": "511d7fdc-7166-4bb2-8d31-bd5c1279ae4b",
      "schoolId": "17c660d9-b9c0-4e4f-bd52-481b19e096cb",
      "schoolName": "SMP NEGERI 2 BANDA ACEH",
      "isArchived": false,
      "slug": "to-anas-b9a44bba",
      "courseCode": "G0DRQD8J",
      "joinLink": "https://staging.getsmart.id/join/G0DRQD8J",
      "createdAt": "2026-06-10T00:07:56.065403+07:00",
      "updatedAt": "2026-06-10T00:08:17.963345+07:00",
      "teacher": {
        "id": "511d7fdc-7166-4bb2-8d31-bd5c1279ae4b",
        "fullName": "ahmad syah ramadhan",
        "NIP": "321654987896330",
        "schoolName": "SMP NEGERI 2 BANDA ACEH"
      },
      "enrolledCount": 0,
      "diagnosticTestCount": 0,
      "subjectCount": 0
    },
    {
      "id": "9b777a45-9473-4a63-a8fb-aba35950f916",
      "courseName": "Math",
      "teacherId": "ba810c6f-aa30-46cc-98a4-d4028357096c",
      "schoolId": "94a955da-0188-4af5-80db-ab78eb5faac5",
      "schoolName": "SMAN 1 BANDA ACEH",
      "isArchived": false,
      "slug": "math-b80b6549",
      "courseCode": "53SSDQFG",
      "joinLink": "https://staging.getsmart.id/join/53SSDQFG",
      "createdAt": "2026-06-10T00:01:19.937904+07:00",
      "updatedAt": "2026-06-10T00:05:33.541577+07:00",
      "teacher": {
        "id": "ba810c6f-aa30-46cc-98a4-d4028357096c",
        "fullName": "Bapak Mulia Andiki",
        "NIP": "128923345678",
        "schoolName": "SMAN 1 BANDA ACEH"
      },
      "enrolledCount": 0,
      "diagnosticTestCount": 0,
      "subjectCount": 0
    },
    {
      "id": "835c54d6-64f6-42ca-90ee-6b275446cdab",
      "courseName": "VIII-1 Testing 8 Juni 2026",
      "teacherId": "511d7fdc-7166-4bb2-8d31-bd5c1279ae4b",
      "schoolId": "17c660d9-b9c0-4e4f-bd52-481b19e096cb",
      "schoolName": "SMP NEGERI 2 BANDA ACEH",
      "isArchived": false,
      "slug": "viii-1-testing-8-juni-2026-1b24a704",
      "courseCode": "FI8YV55K",
      "joinLink": "https://staging.getsmart.id/join/FI8YV55K",
      "createdAt": "2026-06-08T23:16:49.0914+07:00",
      "updatedAt": "2026-06-08T23:16:49.0914+07:00",
      "teacher": {
        "id": "511d7fdc-7166-4bb2-8d31-bd5c1279ae4b",
        "fullName": "ahmad syah ramadhan",
        "NIP": "321654987896330",
        "schoolName": "SMP NEGERI 2 BANDA ACEH"
      },
      "enrolledCount": 1,
      "diagnosticTestCount": 3,
      "subjectCount": 1
    },
    {
      "id": "bd95761e-8b7f-46e8-84a1-431042a4b5a7",
      "courseName": "pecahan",
      "teacherId": "511d7fdc-7166-4bb2-8d31-bd5c1279ae4b",
      "schoolId": "17c660d9-b9c0-4e4f-bd52-481b19e096cb",
      "schoolName": "SMP NEGERI 2 BANDA ACEH",
      "isArchived": false,
      "slug": "pecahan-365c84df",
      "courseCode": "VLJGSQ2T",
      "joinLink": "https://staging.getsmart.id/join/VLJGSQ2T",
      "createdAt": "2026-06-07T09:56:12.832932+07:00",
      "updatedAt": "2026-06-09T23:58:23.539258+07:00",
      "teacher": {
        "id": "511d7fdc-7166-4bb2-8d31-bd5c1279ae4b",
        "fullName": "ahmad syah ramadhan",
        "NIP": "321654987896330",
        "schoolName": "SMP NEGERI 2 BANDA ACEH"
      },
      "enrolledCount": 0,
      "diagnosticTestCount": 1,
      "subjectCount": 0
    },
    {
      "id": "96c3d3fd-367d-4a48-a3c6-ecddc3299cbc",
      "courseName": "VII-2 gajil 2025",
      "teacherId": "511d7fdc-7166-4bb2-8d31-bd5c1279ae4b",
      "schoolId": "17c660d9-b9c0-4e4f-bd52-481b19e096cb",
      "schoolName": "SMP NEGERI 2 BANDA ACEH",
      "isArchived": false,
      "slug": "vii-2-gajil-2025-2bae8a93",
      "courseCode": "7TN36L0L",
      "joinLink": "https://staging.getsmart.id/join/7TN36L0L",
      "createdAt": "2026-06-06T14:06:01.201554+07:00",
      "updatedAt": "2026-06-08T22:31:39.615356+07:00",
      "teacher": {
        "id": "511d7fdc-7166-4bb2-8d31-bd5c1279ae4b",
        "fullName": "ahmad syah ramadhan",
        "NIP": "321654987896330",
        "schoolName": "SMP NEGERI 2 BANDA ACEH"
      },
      "enrolledCount": 0,
      "diagnosticTestCount": 0,
      "subjectCount": 1
    },
    {
      "id": "30579971-510a-467a-b2fd-e70203c22df1",
      "courseName": "testa",
      "teacherId": "ba810c6f-aa30-46cc-98a4-d4028357096c",
      "schoolId": "94a955da-0188-4af5-80db-ab78eb5faac5",
      "schoolName": "SMAN 1 BANDA ACEH",
      "isArchived": false,
      "slug": "testa-7c90383c",
      "courseCode": "GAPOLZIG",
      "joinLink": "https://staging.getsmart.id/join/GAPOLZIG",
      "createdAt": "2026-06-05T18:44:10.327495+07:00",
      "updatedAt": "2026-06-08T22:33:19.841294+07:00",
      "teacher": {
        "id": "ba810c6f-aa30-46cc-98a4-d4028357096c",
        "fullName": "Bapak Mulia Andiki",
        "NIP": "128923345678",
        "schoolName": "SMAN 1 BANDA ACEH"
      },
      "enrolledCount": 0,
      "diagnosticTestCount": 0,
      "subjectCount": 0
    },
    {
      "id": "2e023056-c8b7-437d-9d30-6766c08c1a9b",
      "courseName": "Matematika Minatt",
      "teacherId": "fdd6918f-629d-4179-8571-48e5582209ea",
      "schoolId": "1f3d0416-b9ae-457a-bb1c-d02109a1214f",
      "schoolName": "MTsN Model Banda Aceh",
      "isArchived": false,
      "slug": "matematika-minatt-e9db5170",
      "courseCode": "HSVDKF2N",
      "joinLink": "https://staging.getsmart.id/join/HSVDKF2N",
      "createdAt": "2026-06-05T17:28:37.10603+07:00",
      "updatedAt": "2026-06-05T17:29:56.42932+07:00",
      "teacher": {
        "id": "fdd6918f-629d-4179-8571-48e5582209ea",
        "fullName": "Bapak Glenn Hakim",
        "NIP": "1123123123121313",
        "schoolName": "MTsN Model Banda Aceh"
      },
      "enrolledCount": 0,
      "diagnosticTestCount": 0,
      "subjectCount": 0
    },
    {
      "id": "12349854-6b1a-4415-b21c-6051a5eeff68",
      "courseName": "VIII - 2",
      "teacherId": "511d7fdc-7166-4bb2-8d31-bd5c1279ae4b",
      "schoolId": "17c660d9-b9c0-4e4f-bd52-481b19e096cb",
      "schoolName": "SMP NEGERI 2 BANDA ACEH",
      "isArchived": false,
      "slug": "viii-2-0a0408f2",
      "courseCode": "PFW6PLX4",
      "joinLink": "https://staging.getsmart.id/join/PFW6PLX4",
      "createdAt": "2026-06-05T17:23:06.892297+07:00",
      "updatedAt": "2026-06-06T20:51:49.748628+07:00",
      "teacher": {
        "id": "511d7fdc-7166-4bb2-8d31-bd5c1279ae4b",
        "fullName": "ahmad syah ramadhan",
        "NIP": "321654987896330",
        "schoolName": "SMP NEGERI 2 BANDA ACEH"
      },
      "enrolledCount": 1,
      "diagnosticTestCount": 1,
      "subjectCount": 1
    },
    {
      "id": "75abc190-b1cd-4261-b0da-c4431e47d3a1",
      "courseName": "IX-4",
      "teacherId": "511d7fdc-7166-4bb2-8d31-bd5c1279ae4b",
      "schoolId": "17c660d9-b9c0-4e4f-bd52-481b19e096cb",
      "schoolName": "SMP NEGERI 2 BANDA ACEH",
      "isArchived": false,
      "slug": "ix-4-87d2a455",
      "courseCode": "NI0OQ8DP",
      "joinLink": "https://staging.getsmart.id/join/NI0OQ8DP",
      "createdAt": "2026-06-02T15:28:30.035068+07:00",
      "updatedAt": "2026-06-07T09:52:51.592132+07:00",
      "teacher": {
        "id": "511d7fdc-7166-4bb2-8d31-bd5c1279ae4b",
        "fullName": "ahmad syah ramadhan",
        "NIP": "321654987896330",
        "schoolName": "SMP NEGERI 2 BANDA ACEH"
      },
      "enrolledCount": 1,
      "diagnosticTestCount": 1,
      "subjectCount": 2
    },
    {
      "id": "995d3f74-1eb3-4f6d-9477-4465b88e35ce",
      "courseName": "VII-4",
      "teacherId": "511d7fdc-7166-4bb2-8d31-bd5c1279ae4b",
      "schoolId": "17c660d9-b9c0-4e4f-bd52-481b19e096cb",
      "schoolName": "SMP NEGERI 2 BANDA ACEH",
      "isArchived": false,
      "slug": "vii-4-e90fac89",
      "courseCode": "XU9ADV7W",
      "joinLink": "https://staging.getsmart.id/join/XU9ADV7W",
      "createdAt": "2026-05-31T11:43:44.53057+07:00",
      "updatedAt": "2026-06-09T15:38:27.411726+07:00",
      "teacher": {
        "id": "511d7fdc-7166-4bb2-8d31-bd5c1279ae4b",
        "fullName": "ahmad syah ramadhan",
        "NIP": "321654987896330",
        "schoolName": "SMP NEGERI 2 BANDA ACEH"
      },
      "enrolledCount": 1,
      "diagnosticTestCount": 2,
      "subjectCount": 2
    },
    {
      "id": "0de4f8a3-9bf4-4884-b6ed-1e6344ee753e",
      "courseName": "Kalkulus II",
      "teacherId": "ba810c6f-aa30-46cc-98a4-d4028357096c",
      "schoolId": "94a955da-0188-4af5-80db-ab78eb5faac5",
      "schoolName": "SMAN 1 BANDA ACEH",
      "isArchived": false,
      "slug": "kalkulus-ii-e49bf54e",
      "courseCode": "R2QFAJ7S",
      "joinLink": "https://staging.getsmart.id/join/R2QFAJ7S",
      "createdAt": "2026-05-30T21:43:57.761573+07:00",
      "updatedAt": "2026-05-30T21:43:57.761573+07:00",
      "teacher": {
        "id": "ba810c6f-aa30-46cc-98a4-d4028357096c",
        "fullName": "Bapak Mulia Andiki",
        "NIP": "128923345678",
        "schoolName": "SMAN 1 BANDA ACEH"
      },
      "enrolledCount": 1,
      "diagnosticTestCount": 5,
      "subjectCount": 3
    }
  ],
  "pagination": {
    "currentPage": 1,
    "totalPages": 1,
    "totalItems": 13,
    "itemsPerPage": 50,
    "hasNextPage": false,
    "hasPrevPage": false
  }
}

PATH: /courses?limit=100
DATA: {
  "courses": [
    {
      "id": "1e20c08e-b368-45a9-9caf-6e491c0aaf9b",
      "courseName": "VII - 4 uji coba 13 juni 2026",
      "teacherId": "511d7fdc-7166-4bb2-8d31-bd5c1279ae4b",
      "schoolId": "17c660d9-b9c0-4e4f-bd52-481b19e096cb",
      "schoolName": "SMP NEGERI 2 BANDA ACEH",
      "isArchived": false,
      "slug": "vii-4-uji-coba-13-juni-2026-52589aec",
      "courseCode": "4HRYG21F",
      "joinLink": "https://staging.getsmart.id/join/4HRYG21F",
      "createdAt": "2026-06-13T12:00:30.145906+07:00",
      "updatedAt": "2026-06-13T12:00:30.145906+07:00",
      "teacher": {
        "id": "511d7fdc-7166-4bb2-8d31-bd5c1279ae4b",
        "fullName": "ahmad syah ramadhan",
        "NIP": "321654987896330",
        "schoolName": "SMP NEGERI 2 BANDA ACEH"
      },
      "enrolledCount": 1,
      "diagnosticTestCount": 1,
      "subjectCount": 0
    },
    {
      "id": "67b8c4fc-09c0-427e-91f2-c85531921d1a",
      "courseName": "VII - 4 uji coba 10 juni 2026",
      "teacherId": "511d7fdc-7166-4bb2-8d31-bd5c1279ae4b",
      "schoolId": "17c660d9-b9c0-4e4f-bd52-481b19e096cb",
      "schoolName": "SMP NEGERI 2 BANDA ACEH",
      "isArchived": false,
      "slug": "vii-4-uji-coba-10-juni-2026-11899555",
      "courseCode": "ZT37IVCF",
      "joinLink": "https://staging.getsmart.id/join/ZT37IVCF",
      "createdAt": "2026-06-10T17:05:34.699585+07:00",
      "updatedAt": "2026-06-10T17:05:34.699585+07:00",
      "teacher": {
        "id": "511d7fdc-7166-4bb2-8d31-bd5c1279ae4b",
        "fullName": "ahmad syah ramadhan",
        "NIP": "321654987896330",
        "schoolName": "SMP NEGERI 2 BANDA ACEH"
      },
      "enrolledCount": 1,
      "diagnosticTestCount": 2,
      "subjectCount": 1
    },
    {
      "id": "3209aa45-3666-49d6-b739-6e8ff79a4e38",
      "courseName": "TO Anas",
      "teacherId": "511d7fdc-7166-4bb2-8d31-bd5c1279ae4b",
      "schoolId": "17c660d9-b9c0-4e4f-bd52-481b19e096cb",
      "schoolName": "SMP NEGERI 2 BANDA ACEH",
      "isArchived": false,
      "slug": "to-anas-b9a44bba",
      "courseCode": "G0DRQD8J",
      "joinLink": "https://staging.getsmart.id/join/G0DRQD8J",
      "createdAt": "2026-06-10T00:07:56.065403+07:00",
      "updatedAt": "2026-06-10T00:08:17.963345+07:00",
      "teacher": {
        "id": "511d7fdc-7166-4bb2-8d31-bd5c1279ae4b",
        "fullName": "ahmad syah ramadhan",
        "NIP": "321654987896330",
        "schoolName": "SMP NEGERI 2 BANDA ACEH"
      },
      "enrolledCount": 0,
      "diagnosticTestCount": 0,
      "subjectCount": 0
    },
    {
      "id": "9b777a45-9473-4a63-a8fb-aba35950f916",
      "courseName": "Math",
      "teacherId": "ba810c6f-aa30-46cc-98a4-d4028357096c",
      "schoolId": "94a955da-0188-4af5-80db-ab78eb5faac5",
      "schoolName": "SMAN 1 BANDA ACEH",
      "isArchived": false,
      "slug": "math-b80b6549",
      "courseCode": "53SSDQFG",
      "joinLink": "https://staging.getsmart.id/join/53SSDQFG",
      "createdAt": "2026-06-10T00:01:19.937904+07:00",
      "updatedAt": "2026-06-10T00:05:33.541577+07:00",
      "teacher": {
        "id": "ba810c6f-aa30-46cc-98a4-d4028357096c",
        "fullName": "Bapak Mulia Andiki",
        "NIP": "128923345678",
        "schoolName": "SMAN 1 BANDA ACEH"
      },
      "enrolledCount": 0,
      "diagnosticTestCount": 0,
      "subjectCount": 0
    },
    {
      "id": "835c54d6-64f6-42ca-90ee-6b275446cdab",
      "courseName": "VIII-1 Testing 8 Juni 2026",
      "teacherId": "511d7fdc-7166-4bb2-8d31-bd5c1279ae4b",
      "schoolId": "17c660d9-b9c0-4e4f-bd52-481b19e096cb",
      "schoolName": "SMP NEGERI 2 BANDA ACEH",
      "isArchived": false,
      "slug": "viii-1-testing-8-juni-2026-1b24a704",
      "courseCode": "FI8YV55K",
      "joinLink": "https://staging.getsmart.id/join/FI8YV55K",
      "createdAt": "2026-06-08T23:16:49.0914+07:00",
      "updatedAt": "2026-06-08T23:16:49.0914+07:00",
      "teacher": {
        "id": "511d7fdc-7166-4bb2-8d31-bd5c1279ae4b",
        "fullName": "ahmad syah ramadhan",
        "NIP": "321654987896330",
        "schoolName": "SMP NEGERI 2 BANDA ACEH"
      },
      "enrolledCount": 1,
      "diagnosticTestCount": 3,
      "subjectCount": 1
    },
    {
      "id": "bd95761e-8b7f-46e8-84a1-431042a4b5a7",
      "courseName": "pecahan",
      "teacherId": "511d7fdc-7166-4bb2-8d31-bd5c1279ae4b",
      "schoolId": "17c660d9-b9c0-4e4f-bd52-481b19e096cb",
      "schoolName": "SMP NEGERI 2 BANDA ACEH",
      "isArchived": false,
      "slug": "pecahan-365c84df",
      "courseCode": "VLJGSQ2T",
      "joinLink": "https://staging.getsmart.id/join/VLJGSQ2T",
      "createdAt": "2026-06-07T09:56:12.832932+07:00",
      "updatedAt": "2026-06-09T23:58:23.539258+07:00",
      "teacher": {
        "id": "511d7fdc-7166-4bb2-8d31-bd5c1279ae4b",
        "fullName": "ahmad syah ramadhan",
        "NIP": "321654987896330",
        "schoolName": "SMP NEGERI 2 BANDA ACEH"
      },
      "enrolledCount": 0,
      "diagnosticTestCount": 1,
      "subjectCount": 0
    },
    {
      "id": "96c3d3fd-367d-4a48-a3c6-ecddc3299cbc",
      "courseName": "VII-2 gajil 2025",
      "teacherId": "511d7fdc-7166-4bb2-8d31-bd5c1279ae4b",
      "schoolId": "17c660d9-b9c0-4e4f-bd52-481b19e096cb",
      "schoolName": "SMP NEGERI 2 BANDA ACEH",
      "isArchived": false,
      "slug": "vii-2-gajil-2025-2bae8a93",
      "courseCode": "7TN36L0L",
      "joinLink": "https://staging.getsmart.id/join/7TN36L0L",
      "createdAt": "2026-06-06T14:06:01.201554+07:00",
      "updatedAt": "2026-06-08T22:31:39.615356+07:00",
      "teacher": {
        "id": "511d7fdc-7166-4bb2-8d31-bd5c1279ae4b",
        "fullName": "ahmad syah ramadhan",
        "NIP": "321654987896330",
        "schoolName": "SMP NEGERI 2 BANDA ACEH"
      },
      "enrolledCount": 0,
      "diagnosticTestCount": 0,
      "subjectCount": 1
    },
    {
      "id": "30579971-510a-467a-b2fd-e70203c22df1",
      "courseName": "testa",
      "teacherId": "ba810c6f-aa30-46cc-98a4-d4028357096c",
      "schoolId": "94a955da-0188-4af5-80db-ab78eb5faac5",
      "schoolName": "SMAN 1 BANDA ACEH",
      "isArchived": false,
      "slug": "testa-7c90383c",
      "courseCode": "GAPOLZIG",
      "joinLink": "https://staging.getsmart.id/join/GAPOLZIG",
      "createdAt": "2026-06-05T18:44:10.327495+07:00",
      "updatedAt": "2026-06-08T22:33:19.841294+07:00",
      "teacher": {
        "id": "ba810c6f-aa30-46cc-98a4-d4028357096c",
        "fullName": "Bapak Mulia Andiki",
        "NIP": "128923345678",
        "schoolName": "SMAN 1 BANDA ACEH"
      },
      "enrolledCount": 0,
      "diagnosticTestCount": 0,
      "subjectCount": 0
    },
    {
      "id": "2e023056-c8b7-437d-9d30-6766c08c1a9b",
      "courseName": "Matematika Minatt",
      "teacherId": "fdd6918f-629d-4179-8571-48e5582209ea",
      "schoolId": "1f3d0416-b9ae-457a-bb1c-d02109a1214f",
      "schoolName": "MTsN Model Banda Aceh",
      "isArchived": false,
      "slug": "matematika-minatt-e9db5170",
      "courseCode": "HSVDKF2N",
      "joinLink": "https://staging.getsmart.id/join/HSVDKF2N",
      "createdAt": "2026-06-05T17:28:37.10603+07:00",
      "updatedAt": "2026-06-05T17:29:56.42932+07:00",
      "teacher": {
        "id": "fdd6918f-629d-4179-8571-48e5582209ea",
        "fullName": "Bapak Glenn Hakim",
        "NIP": "1123123123121313",
        "schoolName": "MTsN Model Banda Aceh"
      },
      "enrolledCount": 0,
      "diagnosticTestCount": 0,
      "subjectCount": 0
    },
    {
      "id": "12349854-6b1a-4415-b21c-6051a5eeff68",
      "courseName": "VIII - 2",
      "teacherId": "511d7fdc-7166-4bb2-8d31-bd5c1279ae4b",
      "schoolId": "17c660d9-b9c0-4e4f-bd52-481b19e096cb",
      "schoolName": "SMP NEGERI 2 BANDA ACEH",
      "isArchived": false,
      "slug": "viii-2-0a0408f2",
      "courseCode": "PFW6PLX4",
      "joinLink": "https://staging.getsmart.id/join/PFW6PLX4",
      "createdAt": "2026-06-05T17:23:06.892297+07:00",
      "updatedAt": "2026-06-06T20:51:49.748628+07:00",
      "teacher": {
        "id": "511d7fdc-7166-4bb2-8d31-bd5c1279ae4b",
        "fullName": "ahmad syah ramadhan",
        "NIP": "321654987896330",
        "schoolName": "SMP NEGERI 2 BANDA ACEH"
      },
      "enrolledCount": 1,
      "diagnosticTestCount": 1,
      "subjectCount": 1
    },
    {
      "id": "75abc190-b1cd-4261-b0da-c4431e47d3a1",
      "courseName": "IX-4",
      "teacherId": "511d7fdc-7166-4bb2-8d31-bd5c1279ae4b",
      "schoolId": "17c660d9-b9c0-4e4f-bd52-481b19e096cb",
      "schoolName": "SMP NEGERI 2 BANDA ACEH",
      "isArchived": false,
      "slug": "ix-4-87d2a455",
      "courseCode": "NI0OQ8DP",
      "joinLink": "https://staging.getsmart.id/join/NI0OQ8DP",
      "createdAt": "2026-06-02T15:28:30.035068+07:00",
      "updatedAt": "2026-06-07T09:52:51.592132+07:00",
      "teacher": {
        "id": "511d7fdc-7166-4bb2-8d31-bd5c1279ae4b",
        "fullName": "ahmad syah ramadhan",
        "NIP": "321654987896330",
        "schoolName": "SMP NEGERI 2 BANDA ACEH"
      },
      "enrolledCount": 1,
      "diagnosticTestCount": 1,
      "subjectCount": 2
    },
    {
      "id": "995d3f74-1eb3-4f6d-9477-4465b88e35ce",
      "courseName": "VII-4",
      "teacherId": "511d7fdc-7166-4bb2-8d31-bd5c1279ae4b",
      "schoolId": "17c660d9-b9c0-4e4f-bd52-481b19e096cb",
      "schoolName": "SMP NEGERI 2 BANDA ACEH",
      "isArchived": false,
      "slug": "vii-4-e90fac89",
      "courseCode": "XU9ADV7W",
      "joinLink": "https://staging.getsmart.id/join/XU9ADV7W",
      "createdAt": "2026-05-31T11:43:44.53057+07:00",
      "updatedAt": "2026-06-09T15:38:27.411726+07:00",
      "teacher": {
        "id": "511d7fdc-7166-4bb2-8d31-bd5c1279ae4b",
        "fullName": "ahmad syah ramadhan",
        "NIP": "321654987896330",
        "schoolName": "SMP NEGERI 2 BANDA ACEH"
      },
      "enrolledCount": 1,
      "diagnosticTestCount": 2,
      "subjectCount": 2
    },
    {
      "id": "0de4f8a3-9bf4-4884-b6ed-1e6344ee753e",
      "courseName": "Kalkulus II",
      "teacherId": "ba810c6f-aa30-46cc-98a4-d4028357096c",
      "schoolId": "94a955da-0188-4af5-80db-ab78eb5faac5",
      "schoolName": "SMAN 1 BANDA ACEH",
      "isArchived": false,
      "slug": "kalkulus-ii-e49bf54e",
      "courseCode": "R2QFAJ7S",
      "joinLink": "https://staging.getsmart.id/join/R2QFAJ7S",
      "createdAt": "2026-05-30T21:43:57.761573+07:00",
      "updatedAt": "2026-05-30T21:43:57.761573+07:00",
      "teacher": {
        "id": "ba810c6f-aa30-46cc-98a4-d4028357096c",
        "fullName": "Bapak Mulia Andiki",
        "NIP": "128923345678",
        "schoolName": "SMAN 1 BANDA ACEH"
      },
      "enrolledCount": 1,
      "diagnosticTestCount": 5,
      "subjectCount": 3
    }
  ],
  "pagination": {
    "currentPage": 1,
    "totalPages": 1,
    "totalItems": 13,
    "itemsPerPage": 100,
    "hasNextPage": false,
    "hasPrevPage": false
  }
}

PATH: /courses?limit=100
DATA: {
  "courses": [
    {
      "id": "1e20c08e-b368-45a9-9caf-6e491c0aaf9b",
      "courseName": "VII - 4 uji coba 13 juni 2026",
      "teacherId": "511d7fdc-7166-4bb2-8d31-bd5c1279ae4b",
      "schoolId": "17c660d9-b9c0-4e4f-bd52-481b19e096cb",
      "schoolName": "SMP NEGERI 2 BANDA ACEH",
      "isArchived": false,
      "slug": "vii-4-uji-coba-13-juni-2026-52589aec",
      "courseCode": "4HRYG21F",
      "joinLink": "https://staging.getsmart.id/join/4HRYG21F",
      "createdAt": "2026-06-13T12:00:30.145906+07:00",
      "updatedAt": "2026-06-13T12:00:30.145906+07:00",
      "teacher": {
        "id": "511d7fdc-7166-4bb2-8d31-bd5c1279ae4b",
        "fullName": "ahmad syah ramadhan",
        "NIP": "321654987896330",
        "schoolName": "SMP NEGERI 2 BANDA ACEH"
      },
      "enrolledCount": 1,
      "diagnosticTestCount": 1,
      "subjectCount": 0
    },
    {
      "id": "67b8c4fc-09c0-427e-91f2-c85531921d1a",
      "courseName": "VII - 4 uji coba 10 juni 2026",
      "teacherId": "511d7fdc-7166-4bb2-8d31-bd5c1279ae4b",
      "schoolId": "17c660d9-b9c0-4e4f-bd52-481b19e096cb",
      "schoolName": "SMP NEGERI 2 BANDA ACEH",
      "isArchived": false,
      "slug": "vii-4-uji-coba-10-juni-2026-11899555",
      "courseCode": "ZT37IVCF",
      "joinLink": "https://staging.getsmart.id/join/ZT37IVCF",
      "createdAt": "2026-06-10T17:05:34.699585+07:00",
      "updatedAt": "2026-06-10T17:05:34.699585+07:00",
      "teacher": {
        "id": "511d7fdc-7166-4bb2-8d31-bd5c1279ae4b",
        "fullName": "ahmad syah ramadhan",
        "NIP": "321654987896330",
        "schoolName": "SMP NEGERI 2 BANDA ACEH"
      },
      "enrolledCount": 1,
      "diagnosticTestCount": 2,
      "subjectCount": 1
    },
    {
      "id": "3209aa45-3666-49d6-b739-6e8ff79a4e38",
      "courseName": "TO Anas",
      "teacherId": "511d7fdc-7166-4bb2-8d31-bd5c1279ae4b",
      "schoolId": "17c660d9-b9c0-4e4f-bd52-481b19e096cb",
      "schoolName": "SMP NEGERI 2 BANDA ACEH",
      "isArchived": false,
      "slug": "to-anas-b9a44bba",
      "courseCode": "G0DRQD8J",
      "joinLink": "https://staging.getsmart.id/join/G0DRQD8J",
      "createdAt": "2026-06-10T00:07:56.065403+07:00",
      "updatedAt": "2026-06-10T00:08:17.963345+07:00",
      "teacher": {
        "id": "511d7fdc-7166-4bb2-8d31-bd5c1279ae4b",
        "fullName": "ahmad syah ramadhan",
        "NIP": "321654987896330",
        "schoolName": "SMP NEGERI 2 BANDA ACEH"
      },
      "enrolledCount": 0,
      "diagnosticTestCount": 0,
      "subjectCount": 0
    },
    {
      "id": "9b777a45-9473-4a63-a8fb-aba35950f916",
      "courseName": "Math",
      "teacherId": "ba810c6f-aa30-46cc-98a4-d4028357096c",
      "schoolId": "94a955da-0188-4af5-80db-ab78eb5faac5",
      "schoolName": "SMAN 1 BANDA ACEH",
      "isArchived": false,
      "slug": "math-b80b6549",
      "courseCode": "53SSDQFG",
      "joinLink": "https://staging.getsmart.id/join/53SSDQFG",
      "createdAt": "2026-06-10T00:01:19.937904+07:00",
      "updatedAt": "2026-06-10T00:05:33.541577+07:00",
      "teacher": {
        "id": "ba810c6f-aa30-46cc-98a4-d4028357096c",
        "fullName": "Bapak Mulia Andiki",
        "NIP": "128923345678",
        "schoolName": "SMAN 1 BANDA ACEH"
      },
      "enrolledCount": 0,
      "diagnosticTestCount": 0,
      "subjectCount": 0
    },
    {
      "id": "835c54d6-64f6-42ca-90ee-6b275446cdab",
      "courseName": "VIII-1 Testing 8 Juni 2026",
      "teacherId": "511d7fdc-7166-4bb2-8d31-bd5c1279ae4b",
      "schoolId": "17c660d9-b9c0-4e4f-bd52-481b19e096cb",
      "schoolName": "SMP NEGERI 2 BANDA ACEH",
      "isArchived": false,
      "slug": "viii-1-testing-8-juni-2026-1b24a704",
      "courseCode": "FI8YV55K",
      "joinLink": "https://staging.getsmart.id/join/FI8YV55K",
      "createdAt": "2026-06-08T23:16:49.0914+07:00",
      "updatedAt": "2026-06-08T23:16:49.0914+07:00",
      "teacher": {
        "id": "511d7fdc-7166-4bb2-8d31-bd5c1279ae4b",
        "fullName": "ahmad syah ramadhan",
        "NIP": "321654987896330",
        "schoolName": "SMP NEGERI 2 BANDA ACEH"
      },
      "enrolledCount": 1,
      "diagnosticTestCount": 3,
      "subjectCount": 1
    },
    {
      "id": "bd95761e-8b7f-46e8-84a1-431042a4b5a7",
      "courseName": "pecahan",
      "teacherId": "511d7fdc-7166-4bb2-8d31-bd5c1279ae4b",
      "schoolId": "17c660d9-b9c0-4e4f-bd52-481b19e096cb",
      "schoolName": "SMP NEGERI 2 BANDA ACEH",
      "isArchived": false,
      "slug": "pecahan-365c84df",
      "courseCode": "VLJGSQ2T",
      "joinLink": "https://staging.getsmart.id/join/VLJGSQ2T",
      "createdAt": "2026-06-07T09:56:12.832932+07:00",
      "updatedAt": "2026-06-09T23:58:23.539258+07:00",
      "teacher": {
        "id": "511d7fdc-7166-4bb2-8d31-bd5c1279ae4b",
        "fullName": "ahmad syah ramadhan",
        "NIP": "321654987896330",
        "schoolName": "SMP NEGERI 2 BANDA ACEH"
      },
      "enrolledCount": 0,
      "diagnosticTestCount": 1,
      "subjectCount": 0
    },
    {
      "id": "96c3d3fd-367d-4a48-a3c6-ecddc3299cbc",
      "courseName": "VII-2 gajil 2025",
      "teacherId": "511d7fdc-7166-4bb2-8d31-bd5c1279ae4b",
      "schoolId": "17c660d9-b9c0-4e4f-bd52-481b19e096cb",
      "schoolName": "SMP NEGERI 2 BANDA ACEH",
      "isArchived": false,
      "slug": "vii-2-gajil-2025-2bae8a93",
      "courseCode": "7TN36L0L",
      "joinLink": "https://staging.getsmart.id/join/7TN36L0L",
      "createdAt": "2026-06-06T14:06:01.201554+07:00",
      "updatedAt": "2026-06-08T22:31:39.615356+07:00",
      "teacher": {
        "id": "511d7fdc-7166-4bb2-8d31-bd5c1279ae4b",
        "fullName": "ahmad syah ramadhan",
        "NIP": "321654987896330",
        "schoolName": "SMP NEGERI 2 BANDA ACEH"
      },
      "enrolledCount": 0,
      "diagnosticTestCount": 0,
      "subjectCount": 1
    },
    {
      "id": "30579971-510a-467a-b2fd-e70203c22df1",
      "courseName": "testa",
      "teacherId": "ba810c6f-aa30-46cc-98a4-d4028357096c",
      "schoolId": "94a955da-0188-4af5-80db-ab78eb5faac5",
      "schoolName": "SMAN 1 BANDA ACEH",
      "isArchived": false,
      "slug": "testa-7c90383c",
      "courseCode": "GAPOLZIG",
      "joinLink": "https://staging.getsmart.id/join/GAPOLZIG",
      "createdAt": "2026-06-05T18:44:10.327495+07:00",
      "updatedAt": "2026-06-08T22:33:19.841294+07:00",
      "teacher": {
        "id": "ba810c6f-aa30-46cc-98a4-d4028357096c",
        "fullName": "Bapak Mulia Andiki",
        "NIP": "128923345678",
        "schoolName": "SMAN 1 BANDA ACEH"
      },
      "enrolledCount": 0,
      "diagnosticTestCount": 0,
      "subjectCount": 0
    },
    {
      "id": "2e023056-c8b7-437d-9d30-6766c08c1a9b",
      "courseName": "Matematika Minatt",
      "teacherId": "fdd6918f-629d-4179-8571-48e5582209ea",
      "schoolId": "1f3d0416-b9ae-457a-bb1c-d02109a1214f",
      "schoolName": "MTsN Model Banda Aceh",
      "isArchived": false,
      "slug": "matematika-minatt-e9db5170",
      "courseCode": "HSVDKF2N",
      "joinLink": "https://staging.getsmart.id/join/HSVDKF2N",
      "createdAt": "2026-06-05T17:28:37.10603+07:00",
      "updatedAt": "2026-06-05T17:29:56.42932+07:00",
      "teacher": {
        "id": "fdd6918f-629d-4179-8571-48e5582209ea",
        "fullName": "Bapak Glenn Hakim",
        "NIP": "1123123123121313",
        "schoolName": "MTsN Model Banda Aceh"
      },
      "enrolledCount": 0,
      "diagnosticTestCount": 0,
      "subjectCount": 0
    },
    {
      "id": "12349854-6b1a-4415-b21c-6051a5eeff68",
      "courseName": "VIII - 2",
      "teacherId": "511d7fdc-7166-4bb2-8d31-bd5c1279ae4b",
      "schoolId": "17c660d9-b9c0-4e4f-bd52-481b19e096cb",
      "schoolName": "SMP NEGERI 2 BANDA ACEH",
      "isArchived": false,
      "slug": "viii-2-0a0408f2",
      "courseCode": "PFW6PLX4",
      "joinLink": "https://staging.getsmart.id/join/PFW6PLX4",
      "createdAt": "2026-06-05T17:23:06.892297+07:00",
      "updatedAt": "2026-06-06T20:51:49.748628+07:00",
      "teacher": {
        "id": "511d7fdc-7166-4bb2-8d31-bd5c1279ae4b",
        "fullName": "ahmad syah ramadhan",
        "NIP": "321654987896330",
        "schoolName": "SMP NEGERI 2 BANDA ACEH"
      },
      "enrolledCount": 1,
      "diagnosticTestCount": 1,
      "subjectCount": 1
    },
    {
      "id": "75abc190-b1cd-4261-b0da-c4431e47d3a1",
      "courseName": "IX-4",
      "teacherId": "511d7fdc-7166-4bb2-8d31-bd5c1279ae4b",
      "schoolId": "17c660d9-b9c0-4e4f-bd52-481b19e096cb",
      "schoolName": "SMP NEGERI 2 BANDA ACEH",
      "isArchived": false,
      "slug": "ix-4-87d2a455",
      "courseCode": "NI0OQ8DP",
      "joinLink": "https://staging.getsmart.id/join/NI0OQ8DP",
      "createdAt": "2026-06-02T15:28:30.035068+07:00",
      "updatedAt": "2026-06-07T09:52:51.592132+07:00",
      "teacher": {
        "id": "511d7fdc-7166-4bb2-8d31-bd5c1279ae4b",
        "fullName": "ahmad syah ramadhan",
        "NIP": "321654987896330",
        "schoolName": "SMP NEGERI 2 BANDA ACEH"
      },
      "enrolledCount": 1,
      "diagnosticTestCount": 1,
      "subjectCount": 2
    },
    {
      "id": "995d3f74-1eb3-4f6d-9477-4465b88e35ce",
      "courseName": "VII-4",
      "teacherId": "511d7fdc-7166-4bb2-8d31-bd5c1279ae4b",
      "schoolId": "17c660d9-b9c0-4e4f-bd52-481b19e096cb",
      "schoolName": "SMP NEGERI 2 BANDA ACEH",
      "isArchived": false,
      "slug": "vii-4-e90fac89",
      "courseCode": "XU9ADV7W",
      "joinLink": "https://staging.getsmart.id/join/XU9ADV7W",
      "createdAt": "2026-05-31T11:43:44.53057+07:00",
      "updatedAt": "2026-06-09T15:38:27.411726+07:00",
      "teacher": {
        "id": "511d7fdc-7166-4bb2-8d31-bd5c1279ae4b",
        "fullName": "ahmad syah ramadhan",
        "NIP": "321654987896330",
        "schoolName": "SMP NEGERI 2 BANDA ACEH"
      },
      "enrolledCount": 1,
      "diagnosticTestCount": 2,
      "subjectCount": 2
    },
    {
      "id": "0de4f8a3-9bf4-4884-b6ed-1e6344ee753e",
      "courseName": "Kalkulus II",
      "teacherId": "ba810c6f-aa30-46cc-98a4-d4028357096c",
      "schoolId": "94a955da-0188-4af5-80db-ab78eb5faac5",
      "schoolName": "SMAN 1 BANDA ACEH",
      "isArchived": false,
      "slug": "kalkulus-ii-e49bf54e",
      "courseCode": "R2QFAJ7S",
      "joinLink": "https://staging.getsmart.id/join/R2QFAJ7S",
      "createdAt": "2026-05-30T21:43:57.761573+07:00",
      "updatedAt": "2026-05-30T21:43:57.761573+07:00",
      "teacher": {
        "id": "ba810c6f-aa30-46cc-98a4-d4028357096c",
        "fullName": "Bapak Mulia Andiki",
        "NIP": "128923345678",
        "schoolName": "SMAN 1 BANDA ACEH"
      },
      "enrolledCount": 1,
      "diagnosticTestCount": 5,
      "subjectCount": 3
    }
  ],
  "pagination": {
    "currentPage": 1,
    "totalPages": 1,
    "totalItems": 13,
    "itemsPerPage": 100,
    "hasNextPage": false,
    "hasPrevPage": false
  }
}

PATH: /courses?limit=50
DATA: {
  "courses": [
    {
      "id": "1e20c08e-b368-45a9-9caf-6e491c0aaf9b",
      "courseName": "VII - 4 uji coba 13 juni 2026",
      "teacherId": "511d7fdc-7166-4bb2-8d31-bd5c1279ae4b",
      "schoolId": "17c660d9-b9c0-4e4f-bd52-481b19e096cb",
      "schoolName": "SMP NEGERI 2 BANDA ACEH",
      "isArchived": false,
      "slug": "vii-4-uji-coba-13-juni-2026-52589aec",
      "courseCode": "4HRYG21F",
      "joinLink": "https://staging.getsmart.id/join/4HRYG21F",
      "createdAt": "2026-06-13T12:00:30.145906+07:00",
      "updatedAt": "2026-06-13T12:00:30.145906+07:00",
      "teacher": {
        "id": "511d7fdc-7166-4bb2-8d31-bd5c1279ae4b",
        "fullName": "ahmad syah ramadhan",
        "NIP": "321654987896330",
        "schoolName": "SMP NEGERI 2 BANDA ACEH"
      },
      "enrolledCount": 1,
      "diagnosticTestCount": 1,
      "subjectCount": 0
    },
    {
      "id": "67b8c4fc-09c0-427e-91f2-c85531921d1a",
      "courseName": "VII - 4 uji coba 10 juni 2026",
      "teacherId": "511d7fdc-7166-4bb2-8d31-bd5c1279ae4b",
      "schoolId": "17c660d9-b9c0-4e4f-bd52-481b19e096cb",
      "schoolName": "SMP NEGERI 2 BANDA ACEH",
      "isArchived": false,
      "slug": "vii-4-uji-coba-10-juni-2026-11899555",
      "courseCode": "ZT37IVCF",
      "joinLink": "https://staging.getsmart.id/join/ZT37IVCF",
      "createdAt": "2026-06-10T17:05:34.699585+07:00",
      "updatedAt": "2026-06-10T17:05:34.699585+07:00",
      "teacher": {
        "id": "511d7fdc-7166-4bb2-8d31-bd5c1279ae4b",
        "fullName": "ahmad syah ramadhan",
        "NIP": "321654987896330",
        "schoolName": "SMP NEGERI 2 BANDA ACEH"
      },
      "enrolledCount": 1,
      "diagnosticTestCount": 2,
      "subjectCount": 1
    },
    {
      "id": "3209aa45-3666-49d6-b739-6e8ff79a4e38",
      "courseName": "TO Anas",
      "teacherId": "511d7fdc-7166-4bb2-8d31-bd5c1279ae4b",
      "schoolId": "17c660d9-b9c0-4e4f-bd52-481b19e096cb",
      "schoolName": "SMP NEGERI 2 BANDA ACEH",
      "isArchived": false,
      "slug": "to-anas-b9a44bba",
      "courseCode": "G0DRQD8J",
      "joinLink": "https://staging.getsmart.id/join/G0DRQD8J",
      "createdAt": "2026-06-10T00:07:56.065403+07:00",
      "updatedAt": "2026-06-10T00:08:17.963345+07:00",
      "teacher": {
        "id": "511d7fdc-7166-4bb2-8d31-bd5c1279ae4b",
        "fullName": "ahmad syah ramadhan",
        "NIP": "321654987896330",
        "schoolName": "SMP NEGERI 2 BANDA ACEH"
      },
      "enrolledCount": 0,
      "diagnosticTestCount": 0,
      "subjectCount": 0
    },
    {
      "id": "9b777a45-9473-4a63-a8fb-aba35950f916",
      "courseName": "Math",
      "teacherId": "ba810c6f-aa30-46cc-98a4-d4028357096c",
      "schoolId": "94a955da-0188-4af5-80db-ab78eb5faac5",
      "schoolName": "SMAN 1 BANDA ACEH",
      "isArchived": false,
      "slug": "math-b80b6549",
      "courseCode": "53SSDQFG",
      "joinLink": "https://staging.getsmart.id/join/53SSDQFG",
      "createdAt": "2026-06-10T00:01:19.937904+07:00",
      "updatedAt": "2026-06-10T00:05:33.541577+07:00",
      "teacher": {
        "id": "ba810c6f-aa30-46cc-98a4-d4028357096c",
        "fullName": "Bapak Mulia Andiki",
        "NIP": "128923345678",
        "schoolName": "SMAN 1 BANDA ACEH"
      },
      "enrolledCount": 0,
      "diagnosticTestCount": 0,
      "subjectCount": 0
    },
    {
      "id": "835c54d6-64f6-42ca-90ee-6b275446cdab",
      "courseName": "VIII-1 Testing 8 Juni 2026",
      "teacherId": "511d7fdc-7166-4bb2-8d31-bd5c1279ae4b",
      "schoolId": "17c660d9-b9c0-4e4f-bd52-481b19e096cb",
      "schoolName": "SMP NEGERI 2 BANDA ACEH",
      "isArchived": false,
      "slug": "viii-1-testing-8-juni-2026-1b24a704",
      "courseCode": "FI8YV55K",
      "joinLink": "https://staging.getsmart.id/join/FI8YV55K",
      "createdAt": "2026-06-08T23:16:49.0914+07:00",
      "updatedAt": "2026-06-08T23:16:49.0914+07:00",
      "teacher": {
        "id": "511d7fdc-7166-4bb2-8d31-bd5c1279ae4b",
        "fullName": "ahmad syah ramadhan",
        "NIP": "321654987896330",
        "schoolName": "SMP NEGERI 2 BANDA ACEH"
      },
      "enrolledCount": 1,
      "diagnosticTestCount": 3,
      "subjectCount": 1
    },
    {
      "id": "bd95761e-8b7f-46e8-84a1-431042a4b5a7",
      "courseName": "pecahan",
      "teacherId": "511d7fdc-7166-4bb2-8d31-bd5c1279ae4b",
      "schoolId": "17c660d9-b9c0-4e4f-bd52-481b19e096cb",
      "schoolName": "SMP NEGERI 2 BANDA ACEH",
      "isArchived": false,
      "slug": "pecahan-365c84df",
      "courseCode": "VLJGSQ2T",
      "joinLink": "https://staging.getsmart.id/join/VLJGSQ2T",
      "createdAt": "2026-06-07T09:56:12.832932+07:00",
      "updatedAt": "2026-06-09T23:58:23.539258+07:00",
      "teacher": {
        "id": "511d7fdc-7166-4bb2-8d31-bd5c1279ae4b",
        "fullName": "ahmad syah ramadhan",
        "NIP": "321654987896330",
        "schoolName": "SMP NEGERI 2 BANDA ACEH"
      },
      "enrolledCount": 0,
      "diagnosticTestCount": 1,
      "subjectCount": 0
    },
    {
      "id": "96c3d3fd-367d-4a48-a3c6-ecddc3299cbc",
      "courseName": "VII-2 gajil 2025",
      "teacherId": "511d7fdc-7166-4bb2-8d31-bd5c1279ae4b",
      "schoolId": "17c660d9-b9c0-4e4f-bd52-481b19e096cb",
      "schoolName": "SMP NEGERI 2 BANDA ACEH",
      "isArchived": false,
      "slug": "vii-2-gajil-2025-2bae8a93",
      "courseCode": "7TN36L0L",
      "joinLink": "https://staging.getsmart.id/join/7TN36L0L",
      "createdAt": "2026-06-06T14:06:01.201554+07:00",
      "updatedAt": "2026-06-08T22:31:39.615356+07:00",
      "teacher": {
        "id": "511d7fdc-7166-4bb2-8d31-bd5c1279ae4b",
        "fullName": "ahmad syah ramadhan",
        "NIP": "321654987896330",
        "schoolName": "SMP NEGERI 2 BANDA ACEH"
      },
      "enrolledCount": 0,
      "diagnosticTestCount": 0,
      "subjectCount": 1
    },
    {
      "id": "30579971-510a-467a-b2fd-e70203c22df1",
      "courseName": "testa",
      "teacherId": "ba810c6f-aa30-46cc-98a4-d4028357096c",
      "schoolId": "94a955da-0188-4af5-80db-ab78eb5faac5",
      "schoolName": "SMAN 1 BANDA ACEH",
      "isArchived": false,
      "slug": "testa-7c90383c",
      "courseCode": "GAPOLZIG",
      "joinLink": "https://staging.getsmart.id/join/GAPOLZIG",
      "createdAt": "2026-06-05T18:44:10.327495+07:00",
      "updatedAt": "2026-06-08T22:33:19.841294+07:00",
      "teacher": {
        "id": "ba810c6f-aa30-46cc-98a4-d4028357096c",
        "fullName": "Bapak Mulia Andiki",
        "NIP": "128923345678",
        "schoolName": "SMAN 1 BANDA ACEH"
      },
      "enrolledCount": 0,
      "diagnosticTestCount": 0,
      "subjectCount": 0
    },
    {
      "id": "2e023056-c8b7-437d-9d30-6766c08c1a9b",
      "courseName": "Matematika Minatt",
      "teacherId": "fdd6918f-629d-4179-8571-48e5582209ea",
      "schoolId": "1f3d0416-b9ae-457a-bb1c-d02109a1214f",
      "schoolName": "MTsN Model Banda Aceh",
      "isArchived": false,
      "slug": "matematika-minatt-e9db5170",
      "courseCode": "HSVDKF2N",
      "joinLink": "https://staging.getsmart.id/join/HSVDKF2N",
      "createdAt": "2026-06-05T17:28:37.10603+07:00",
      "updatedAt": "2026-06-05T17:29:56.42932+07:00",
      "teacher": {
        "id": "fdd6918f-629d-4179-8571-48e5582209ea",
        "fullName": "Bapak Glenn Hakim",
        "NIP": "1123123123121313",
        "schoolName": "MTsN Model Banda Aceh"
      },
      "enrolledCount": 0,
      "diagnosticTestCount": 0,
      "subjectCount": 0
    },
    {
      "id": "12349854-6b1a-4415-b21c-6051a5eeff68",
      "courseName": "VIII - 2",
      "teacherId": "511d7fdc-7166-4bb2-8d31-bd5c1279ae4b",
      "schoolId": "17c660d9-b9c0-4e4f-bd52-481b19e096cb",
      "schoolName": "SMP NEGERI 2 BANDA ACEH",
      "isArchived": false,
      "slug": "viii-2-0a0408f2",
      "courseCode": "PFW6PLX4",
      "joinLink": "https://staging.getsmart.id/join/PFW6PLX4",
      "createdAt": "2026-06-05T17:23:06.892297+07:00",
      "updatedAt": "2026-06-06T20:51:49.748628+07:00",
      "teacher": {
        "id": "511d7fdc-7166-4bb2-8d31-bd5c1279ae4b",
        "fullName": "ahmad syah ramadhan",
        "NIP": "321654987896330",
        "schoolName": "SMP NEGERI 2 BANDA ACEH"
      },
      "enrolledCount": 1,
      "diagnosticTestCount": 1,
      "subjectCount": 1
    },
    {
      "id": "75abc190-b1cd-4261-b0da-c4431e47d3a1",
      "courseName": "IX-4",
      "teacherId": "511d7fdc-7166-4bb2-8d31-bd5c1279ae4b",
      "schoolId": "17c660d9-b9c0-4e4f-bd52-481b19e096cb",
      "schoolName": "SMP NEGERI 2 BANDA ACEH",
      "isArchived": false,
      "slug": "ix-4-87d2a455",
      "courseCode": "NI0OQ8DP",
      "joinLink": "https://staging.getsmart.id/join/NI0OQ8DP",
      "createdAt": "2026-06-02T15:28:30.035068+07:00",
      "updatedAt": "2026-06-07T09:52:51.592132+07:00",
      "teacher": {
        "id": "511d7fdc-7166-4bb2-8d31-bd5c1279ae4b",
        "fullName": "ahmad syah ramadhan",
        "NIP": "321654987896330",
        "schoolName": "SMP NEGERI 2 BANDA ACEH"
      },
      "enrolledCount": 1,
      "diagnosticTestCount": 1,
      "subjectCount": 2
    },
    {
      "id": "995d3f74-1eb3-4f6d-9477-4465b88e35ce",
      "courseName": "VII-4",
      "teacherId": "511d7fdc-7166-4bb2-8d31-bd5c1279ae4b",
      "schoolId": "17c660d9-b9c0-4e4f-bd52-481b19e096cb",
      "schoolName": "SMP NEGERI 2 BANDA ACEH",
      "isArchived": false,
      "slug": "vii-4-e90fac89",
      "courseCode": "XU9ADV7W",
      "joinLink": "https://staging.getsmart.id/join/XU9ADV7W",
      "createdAt": "2026-05-31T11:43:44.53057+07:00",
      "updatedAt": "2026-06-09T15:38:27.411726+07:00",
      "teacher": {
        "id": "511d7fdc-7166-4bb2-8d31-bd5c1279ae4b",
        "fullName": "ahmad syah ramadhan",
        "NIP": "321654987896330",
        "schoolName": "SMP NEGERI 2 BANDA ACEH"
      },
      "enrolledCount": 1,
      "diagnosticTestCount": 2,
      "subjectCount": 2
    },
    {
      "id": "0de4f8a3-9bf4-4884-b6ed-1e6344ee753e",
      "courseName": "Kalkulus II",
      "teacherId": "ba810c6f-aa30-46cc-98a4-d4028357096c",
      "schoolId": "94a955da-0188-4af5-80db-ab78eb5faac5",
      "schoolName": "SMAN 1 BANDA ACEH",
      "isArchived": false,
      "slug": "kalkulus-ii-e49bf54e",
      "courseCode": "R2QFAJ7S",
      "joinLink": "https://staging.getsmart.id/join/R2QFAJ7S",
      "createdAt": "2026-05-30T21:43:57.761573+07:00",
      "updatedAt": "2026-05-30T21:43:57.761573+07:00",
      "teacher": {
        "id": "ba810c6f-aa30-46cc-98a4-d4028357096c",
        "fullName": "Bapak Mulia Andiki",
        "NIP": "128923345678",
        "schoolName": "SMAN 1 BANDA ACEH"
      },
      "enrolledCount": 1,
      "diagnosticTestCount": 5,
      "subjectCount": 3
    }
  ],
  "pagination": {
    "currentPage": 1,
    "totalPages": 1,
    "totalItems": 13,
    "itemsPerPage": 50,
    "hasNextPage": false,
    "hasPrevPage": false
  }
}

PATH: /courses/my?limit=10
DATA: {
  "courses": [
    {
      "id": "9b777a45-9473-4a63-a8fb-aba35950f916",
      "courseName": "Math",
      "teacherId": "ba810c6f-aa30-46cc-98a4-d4028357096c",
      "schoolId": "94a955da-0188-4af5-80db-ab78eb5faac5",
      "schoolName": "SMAN 1 BANDA ACEH",
      "isArchived": false,
      "slug": "math-b80b6549",
      "courseCode": "53SSDQFG",
      "joinLink": "https://staging.getsmart.id/join/53SSDQFG",
      "createdAt": "2026-06-10T00:01:19.937904+07:00",
      "updatedAt": "2026-06-10T00:05:33.541577+07:00",
      "teacher": {
        "id": "ba810c6f-aa30-46cc-98a4-d4028357096c",
        "fullName": "Bapak Mulia Andiki",
        "NIP": "128923345678",
        "schoolName": "SMAN 1 BANDA ACEH"
      },
      "enrolledCount": 0,
      "diagnosticTestCount": 0,
      "subjectCount": 0,
      "averageProgressPercent": 0
    },
    {
      "id": "30579971-510a-467a-b2fd-e70203c22df1",
      "courseName": "testa",
      "teacherId": "ba810c6f-aa30-46cc-98a4-d4028357096c",
      "schoolId": "94a955da-0188-4af5-80db-ab78eb5faac5",
      "schoolName": "SMAN 1 BANDA ACEH",
      "isArchived": false,
      "slug": "testa-7c90383c",
      "courseCode": "GAPOLZIG",
      "joinLink": "https://staging.getsmart.id/join/GAPOLZIG",
      "createdAt": "2026-06-05T18:44:10.327495+07:00",
      "updatedAt": "2026-06-08T22:33:19.841294+07:00",
      "teacher": {
        "id": "ba810c6f-aa30-46cc-98a4-d4028357096c",
        "fullName": "Bapak Mulia Andiki",
        "NIP": "128923345678",
        "schoolName": "SMAN 1 BANDA ACEH"
      },
      "enrolledCount": 0,
      "diagnosticTestCount": 0,
      "subjectCount": 0,
      "averageProgressPercent": 0
    },
    {
      "id": "0de4f8a3-9bf4-4884-b6ed-1e6344ee753e",
      "courseName": "Kalkulus II",
      "teacherId": "ba810c6f-aa30-46cc-98a4-d4028357096c",
      "schoolId": "94a955da-0188-4af5-80db-ab78eb5faac5",
      "schoolName": "SMAN 1 BANDA ACEH",
      "isArchived": false,
      "slug": "kalkulus-ii-e49bf54e",
      "courseCode": "R2QFAJ7S",
      "joinLink": "https://staging.getsmart.id/join/R2QFAJ7S",
      "createdAt": "2026-05-30T21:43:57.761573+07:00",
      "updatedAt": "2026-05-30T21:43:57.761573+07:00",
      "teacher": {
        "id": "ba810c6f-aa30-46cc-98a4-d4028357096c",
        "fullName": "Bapak Mulia Andiki",
        "NIP": "128923345678",
        "schoolName": "SMAN 1 BANDA ACEH"
      },
      "modules": [
        {
          "id": "7c72e151-801e-4e42-bbf3-ad0966831103",
          "order": 1,
          "type": "SUBJECT",
          "courseId": "0de4f8a3-9bf4-4884-b6ed-1e6344ee753e",
          "subjectId": "b15038a6-e48f-4156-92bb-f779036e047e"
        },
        {
          "id": "b771e5d2-df90-4b21-863f-f6b9145be715",
          "order": 3,
          "type": "SUBJECT",
          "courseId": "0de4f8a3-9bf4-4884-b6ed-1e6344ee753e",
          "subjectId": "bf7da0b5-ce33-4440-a8c7-fa58f783b2fe"
        },
        {
          "id": "320e1bd4-2844-45f7-a07f-08a9a25d7370",
          "order": 2,
          "type": "SUBJECT",
          "courseId": "0de4f8a3-9bf4-4884-b6ed-1e6344ee753e",
          "subjectId": "2fc1a2e8-9194-4eb8-8199-0d13c6bb8082"
        },
        {
          "id": "3e8773c5-2865-4408-ba3c-6512e69fd6b4",
          "order": 4,
          "type": "DIAGNOSTIC_TEST",
          "courseId": "0de4f8a3-9bf4-4884-b6ed-1e6344ee753e",
          "diagnosticTestId": "665a24eb-ddd9-4602-b7d5-d62f04fd6907",
          "remedialTestId": "036be526-0023-4f71-a976-754b4b77f187"
        },
        {
          "id": "adad2c65-76d0-4af6-95f9-8f203b5fad9c",
          "order": 5,
          "type": "DIAGNOSTIC_TEST",
          "courseId": "0de4f8a3-9bf4-4884-b6ed-1e6344ee753e",
          "diagnosticTestId": "e1664532-8f83-4d15-82ad-ad865e1e7310",
          "remedialTestId": "734fd92e-0ed1-429d-b93e-ee38a5722ae3"
        },
        {
          "id": "74efdba8-c045-4f21-a400-331a4ee4b82b",
          "order": 6,
          "type": "DIAGNOSTIC_TEST",
          "courseId": "0de4f8a3-9bf4-4884-b6ed-1e6344ee753e",
          "diagnosticTestId": "1143b77a-cd0f-46e3-b011-38212372258d",
          "remedialTestId": "734fd92e-0ed1-429d-b93e-ee38a5722ae3"
        },
        {
          "id": "0e10438e-4920-4cb7-a9f6-0a8634c8c887",
          "order": 7,
          "type": "DIAGNOSTIC_TEST",
          "courseId": "0de4f8a3-9bf4-4884-b6ed-1e6344ee753e",
          "diagnosticTestId": "2bbe3ad3-271c-4659-a921-e3aa9e1a4e62",
          "remedialTestId": "036be526-0023-4f71-a976-754b4b77f187"
        },
        {
          "id": "5394bf51-26d8-4b53-beb7-44dba9611dd5",
          "order": 8,
          "type": "DIAGNOSTIC_TEST",
          "courseId": "0de4f8a3-9bf4-4884-b6ed-1e6344ee753e",
          "diagnosticTestId": "ea14a741-de56-4b1d-86a9-8aae9fde92c9",
          "remedialTestId": "10e7bcb2-1220-48f1-ae6b-9eae405149b3"
        }
      ],
      "enrolledCount": 1,
      "diagnosticTestCount": 5,
      "subjectCount": 3,
      "averageProgressPercent": 88
    }
  ],
  "pagination": {
    "currentPage": 1,
    "totalPages": 1,
    "totalItems": 3,
    "itemsPerPage": 10,
    "hasNextPage": false,
    "hasPrevPage": false
  }
}

PATH: /courses/my?limit=50
DATA: {
  "courses": [
    {
      "id": "9b777a45-9473-4a63-a8fb-aba35950f916",
      "courseName": "Math",
      "teacherId": "ba810c6f-aa30-46cc-98a4-d4028357096c",
      "schoolId": "94a955da-0188-4af5-80db-ab78eb5faac5",
      "schoolName": "SMAN 1 BANDA ACEH",
      "isArchived": false,
      "slug": "math-b80b6549",
      "courseCode": "53SSDQFG",
      "joinLink": "https://staging.getsmart.id/join/53SSDQFG",
      "createdAt": "2026-06-10T00:01:19.937904+07:00",
      "updatedAt": "2026-06-10T00:05:33.541577+07:00",
      "teacher": {
        "id": "ba810c6f-aa30-46cc-98a4-d4028357096c",
        "fullName": "Bapak Mulia Andiki",
        "NIP": "128923345678",
        "schoolName": "SMAN 1 BANDA ACEH"
      },
      "enrolledCount": 0,
      "diagnosticTestCount": 0,
      "subjectCount": 0,
      "averageProgressPercent": 0
    },
    {
      "id": "30579971-510a-467a-b2fd-e70203c22df1",
      "courseName": "testa",
      "teacherId": "ba810c6f-aa30-46cc-98a4-d4028357096c",
      "schoolId": "94a955da-0188-4af5-80db-ab78eb5faac5",
      "schoolName": "SMAN 1 BANDA ACEH",
      "isArchived": false,
      "slug": "testa-7c90383c",
      "courseCode": "GAPOLZIG",
      "joinLink": "https://staging.getsmart.id/join/GAPOLZIG",
      "createdAt": "2026-06-05T18:44:10.327495+07:00",
      "updatedAt": "2026-06-08T22:33:19.841294+07:00",
      "teacher": {
        "id": "ba810c6f-aa30-46cc-98a4-d4028357096c",
        "fullName": "Bapak Mulia Andiki",
        "NIP": "128923345678",
        "schoolName": "SMAN 1 BANDA ACEH"
      },
      "enrolledCount": 0,
      "diagnosticTestCount": 0,
      "subjectCount": 0,
      "averageProgressPercent": 0
    },
    {
      "id": "0de4f8a3-9bf4-4884-b6ed-1e6344ee753e",
      "courseName": "Kalkulus II",
      "teacherId": "ba810c6f-aa30-46cc-98a4-d4028357096c",
      "schoolId": "94a955da-0188-4af5-80db-ab78eb5faac5",
      "schoolName": "SMAN 1 BANDA ACEH",
      "isArchived": false,
      "slug": "kalkulus-ii-e49bf54e",
      "courseCode": "R2QFAJ7S",
      "joinLink": "https://staging.getsmart.id/join/R2QFAJ7S",
      "createdAt": "2026-05-30T21:43:57.761573+07:00",
      "updatedAt": "2026-05-30T21:43:57.761573+07:00",
      "teacher": {
        "id": "ba810c6f-aa30-46cc-98a4-d4028357096c",
        "fullName": "Bapak Mulia Andiki",
        "NIP": "128923345678",
        "schoolName": "SMAN 1 BANDA ACEH"
      },
      "modules": [
        {
          "id": "7c72e151-801e-4e42-bbf3-ad0966831103",
          "order": 1,
          "type": "SUBJECT",
          "courseId": "0de4f8a3-9bf4-4884-b6ed-1e6344ee753e",
          "subjectId": "b15038a6-e48f-4156-92bb-f779036e047e"
        },
        {
          "id": "b771e5d2-df90-4b21-863f-f6b9145be715",
          "order": 3,
          "type": "SUBJECT",
          "courseId": "0de4f8a3-9bf4-4884-b6ed-1e6344ee753e",
          "subjectId": "bf7da0b5-ce33-4440-a8c7-fa58f783b2fe"
        },
        {
          "id": "320e1bd4-2844-45f7-a07f-08a9a25d7370",
          "order": 2,
          "type": "SUBJECT",
          "courseId": "0de4f8a3-9bf4-4884-b6ed-1e6344ee753e",
          "subjectId": "2fc1a2e8-9194-4eb8-8199-0d13c6bb8082"
        },
        {
          "id": "3e8773c5-2865-4408-ba3c-6512e69fd6b4",
          "order": 4,
          "type": "DIAGNOSTIC_TEST",
          "courseId": "0de4f8a3-9bf4-4884-b6ed-1e6344ee753e",
          "diagnosticTestId": "665a24eb-ddd9-4602-b7d5-d62f04fd6907",
          "remedialTestId": "036be526-0023-4f71-a976-754b4b77f187"
        },
        {
          "id": "adad2c65-76d0-4af6-95f9-8f203b5fad9c",
          "order": 5,
          "type": "DIAGNOSTIC_TEST",
          "courseId": "0de4f8a3-9bf4-4884-b6ed-1e6344ee753e",
          "diagnosticTestId": "e1664532-8f83-4d15-82ad-ad865e1e7310",
          "remedialTestId": "734fd92e-0ed1-429d-b93e-ee38a5722ae3"
        },
        {
          "id": "74efdba8-c045-4f21-a400-331a4ee4b82b",
          "order": 6,
          "type": "DIAGNOSTIC_TEST",
          "courseId": "0de4f8a3-9bf4-4884-b6ed-1e6344ee753e",
          "diagnosticTestId": "1143b77a-cd0f-46e3-b011-38212372258d",
          "remedialTestId": "734fd92e-0ed1-429d-b93e-ee38a5722ae3"
        },
        {
          "id": "0e10438e-4920-4cb7-a9f6-0a8634c8c887",
          "order": 7,
          "type": "DIAGNOSTIC_TEST",
          "courseId": "0de4f8a3-9bf4-4884-b6ed-1e6344ee753e",
          "diagnosticTestId": "2bbe3ad3-271c-4659-a921-e3aa9e1a4e62",
          "remedialTestId": "036be526-0023-4f71-a976-754b4b77f187"
        },
        {
          "id": "5394bf51-26d8-4b53-beb7-44dba9611dd5",
          "order": 8,
          "type": "DIAGNOSTIC_TEST",
          "courseId": "0de4f8a3-9bf4-4884-b6ed-1e6344ee753e",
          "diagnosticTestId": "ea14a741-de56-4b1d-86a9-8aae9fde92c9",
          "remedialTestId": "10e7bcb2-1220-48f1-ae6b-9eae405149b3"
        }
      ],
      "enrolledCount": 1,
      "diagnosticTestCount": 5,
      "subjectCount": 3,
      "averageProgressPercent": 88
    }
  ],
  "pagination": {
    "currentPage": 1,
    "totalPages": 1,
    "totalItems": 3,
    "itemsPerPage": 50,
    "hasNextPage": false,
    "hasPrevPage": false
  }
}

